{"/Users/vijayanandayyasamy/Pet-Projects/indexeddb-fast-search/src/core.ts": {"path":"/Users/vijayanandayyasamy/Pet-Projects/indexeddb-fast-search/src/core.ts","all":false,"statementMap":{"0":{"start":{"line":1,"column":0},"end":{"line":1,"column":53}},"1":{"start":{"line":2,"column":0},"end":{"line":2,"column":0}},"2":{"start":{"line":3,"column":0},"end":{"line":3,"column":3}},"3":{"start":{"line":4,"column":0},"end":{"line":4,"column":29}},"4":{"start":{"line":5,"column":0},"end":{"line":5,"column":46}},"5":{"start":{"line":6,"column":0},"end":{"line":6,"column":93}},"6":{"start":{"line":7,"column":0},"end":{"line":7,"column":12}},"7":{"start":{"line":8,"column":0},"end":{"line":8,"column":3}},"8":{"start":{"line":9,"column":0},"end":{"line":9,"column":66}},"9":{"start":{"line":10,"column":0},"end":{"line":10,"column":43}},"10":{"start":{"line":11,"column":0},"end":{"line":11,"column":54}},"11":{"start":{"line":12,"column":0},"end":{"line":12,"column":65}},"12":{"start":{"line":13,"column":0},"end":{"line":13,"column":76}},"13":{"start":{"line":14,"column":0},"end":{"line":14,"column":5}},"14":{"start":{"line":15,"column":0},"end":{"line":15,"column":1}},"15":{"start":{"line":16,"column":0},"end":{"line":16,"column":0}},"16":{"start":{"line":17,"column":0},"end":{"line":17,"column":3}},"17":{"start":{"line":18,"column":0},"end":{"line":18,"column":33}},"18":{"start":{"line":19,"column":0},"end":{"line":19,"column":75}},"19":{"start":{"line":20,"column":0},"end":{"line":20,"column":54}},"20":{"start":{"line":21,"column":0},"end":{"line":21,"column":76}},"21":{"start":{"line":22,"column":0},"end":{"line":22,"column":12}},"22":{"start":{"line":23,"column":0},"end":{"line":23,"column":3}},"23":{"start":{"line":24,"column":0},"end":{"line":24,"column":75}},"24":{"start":{"line":25,"column":0},"end":{"line":25,"column":45}},"25":{"start":{"line":26,"column":0},"end":{"line":26,"column":49}},"26":{"start":{"line":27,"column":0},"end":{"line":27,"column":62}},"27":{"start":{"line":28,"column":0},"end":{"line":28,"column":98}},"28":{"start":{"line":29,"column":0},"end":{"line":29,"column":7}},"29":{"start":{"line":30,"column":0},"end":{"line":30,"column":1}},"30":{"start":{"line":31,"column":0},"end":{"line":31,"column":0}},"31":{"start":{"line":32,"column":0},"end":{"line":32,"column":3}},"32":{"start":{"line":33,"column":0},"end":{"line":33,"column":82}},"33":{"start":{"line":34,"column":0},"end":{"line":34,"column":2}},"34":{"start":{"line":35,"column":0},"end":{"line":35,"column":73}},"35":{"start":{"line":36,"column":0},"end":{"line":36,"column":20}},"36":{"start":{"line":37,"column":0},"end":{"line":37,"column":2}},"37":{"start":{"line":38,"column":0},"end":{"line":38,"column":11}},"38":{"start":{"line":39,"column":0},"end":{"line":39,"column":16}},"39":{"start":{"line":40,"column":0},"end":{"line":40,"column":70}},"40":{"start":{"line":41,"column":0},"end":{"line":41,"column":2}},"41":{"start":{"line":42,"column":0},"end":{"line":42,"column":19}},"42":{"start":{"line":43,"column":0},"end":{"line":43,"column":17}},"43":{"start":{"line":44,"column":0},"end":{"line":44,"column":18}},"44":{"start":{"line":45,"column":0},"end":{"line":45,"column":17}},"45":{"start":{"line":46,"column":0},"end":{"line":46,"column":4}},"46":{"start":{"line":47,"column":0},"end":{"line":47,"column":2}},"47":{"start":{"line":48,"column":0},"end":{"line":48,"column":36}},"48":{"start":{"line":49,"column":0},"end":{"line":49,"column":40}},"49":{"start":{"line":50,"column":0},"end":{"line":50,"column":45}},"50":{"start":{"line":51,"column":0},"end":{"line":51,"column":25}},"51":{"start":{"line":52,"column":0},"end":{"line":52,"column":15}},"52":{"start":{"line":53,"column":0},"end":{"line":53,"column":76}},"53":{"start":{"line":54,"column":0},"end":{"line":54,"column":75}},"54":{"start":{"line":55,"column":0},"end":{"line":55,"column":7}},"55":{"start":{"line":56,"column":0},"end":{"line":56,"column":5}},"56":{"start":{"line":57,"column":0},"end":{"line":57,"column":2}},"57":{"start":{"line":58,"column":0},"end":{"line":58,"column":63}},"58":{"start":{"line":59,"column":0},"end":{"line":59,"column":2}},"59":{"start":{"line":60,"column":0},"end":{"line":60,"column":25}},"60":{"start":{"line":61,"column":0},"end":{"line":61,"column":10}},"61":{"start":{"line":62,"column":0},"end":{"line":62,"column":78}},"62":{"start":{"line":63,"column":0},"end":{"line":63,"column":50}},"63":{"start":{"line":64,"column":0},"end":{"line":64,"column":2}},"64":{"start":{"line":65,"column":0},"end":{"line":65,"column":57}},"65":{"start":{"line":66,"column":0},"end":{"line":66,"column":45}},"66":{"start":{"line":67,"column":0},"end":{"line":67,"column":2}},"67":{"start":{"line":68,"column":0},"end":{"line":68,"column":83}},"68":{"start":{"line":69,"column":0},"end":{"line":69,"column":54}},"69":{"start":{"line":70,"column":0},"end":{"line":70,"column":2}},"70":{"start":{"line":71,"column":0},"end":{"line":71,"column":22}},"71":{"start":{"line":72,"column":0},"end":{"line":72,"column":58}},"72":{"start":{"line":73,"column":0},"end":{"line":73,"column":16}},"73":{"start":{"line":74,"column":0},"end":{"line":74,"column":48}},"74":{"start":{"line":75,"column":0},"end":{"line":75,"column":6}},"75":{"start":{"line":76,"column":0},"end":{"line":76,"column":4}},"76":{"start":{"line":77,"column":0},"end":{"line":77,"column":2}},"77":{"start":{"line":78,"column":0},"end":{"line":78,"column":9}},"78":{"start":{"line":79,"column":0},"end":{"line":79,"column":6}},"79":{"start":{"line":80,"column":0},"end":{"line":80,"column":3}},"80":{"start":{"line":81,"column":0},"end":{"line":81,"column":28}},"81":{"start":{"line":82,"column":0},"end":{"line":82,"column":36}},"82":{"start":{"line":83,"column":0},"end":{"line":83,"column":0}},"83":{"start":{"line":84,"column":0},"end":{"line":84,"column":5}},"84":{"start":{"line":85,"column":0},"end":{"line":85,"column":42}},"85":{"start":{"line":86,"column":0},"end":{"line":86,"column":4}},"86":{"start":{"line":87,"column":0},"end":{"line":87,"column":77}},"87":{"start":{"line":88,"column":0},"end":{"line":88,"column":73}},"88":{"start":{"line":89,"column":0},"end":{"line":89,"column":68}},"89":{"start":{"line":90,"column":0},"end":{"line":90,"column":4}},"90":{"start":{"line":91,"column":0},"end":{"line":91,"column":57}},"91":{"start":{"line":92,"column":0},"end":{"line":92,"column":112}},"92":{"start":{"line":93,"column":0},"end":{"line":93,"column":100}},"93":{"start":{"line":94,"column":0},"end":{"line":94,"column":70}},"94":{"start":{"line":95,"column":0},"end":{"line":95,"column":5}},"95":{"start":{"line":96,"column":0},"end":{"line":96,"column":71}},"96":{"start":{"line":97,"column":0},"end":{"line":97,"column":65}},"97":{"start":{"line":98,"column":0},"end":{"line":98,"column":3}},"98":{"start":{"line":99,"column":0},"end":{"line":99,"column":0}},"99":{"start":{"line":100,"column":0},"end":{"line":100,"column":5}},"100":{"start":{"line":101,"column":0},"end":{"line":101,"column":53}},"101":{"start":{"line":102,"column":0},"end":{"line":102,"column":4}},"102":{"start":{"line":103,"column":0},"end":{"line":103,"column":67}},"103":{"start":{"line":104,"column":0},"end":{"line":104,"column":82}},"104":{"start":{"line":105,"column":0},"end":{"line":105,"column":64}},"105":{"start":{"line":106,"column":0},"end":{"line":106,"column":4}},"106":{"start":{"line":107,"column":0},"end":{"line":107,"column":59}},"107":{"start":{"line":108,"column":0},"end":{"line":108,"column":74}},"108":{"start":{"line":109,"column":0},"end":{"line":109,"column":115}},"109":{"start":{"line":110,"column":0},"end":{"line":110,"column":73}},"110":{"start":{"line":111,"column":0},"end":{"line":111,"column":86}},"111":{"start":{"line":112,"column":0},"end":{"line":112,"column":5}},"112":{"start":{"line":113,"column":0},"end":{"line":113,"column":73}},"113":{"start":{"line":114,"column":0},"end":{"line":114,"column":82}},"114":{"start":{"line":115,"column":0},"end":{"line":115,"column":53}},"115":{"start":{"line":116,"column":0},"end":{"line":116,"column":36}},"116":{"start":{"line":117,"column":0},"end":{"line":117,"column":65}},"117":{"start":{"line":118,"column":0},"end":{"line":118,"column":62}},"118":{"start":{"line":119,"column":0},"end":{"line":119,"column":0}},"119":{"start":{"line":120,"column":0},"end":{"line":120,"column":9}},"120":{"start":{"line":121,"column":0},"end":{"line":121,"column":72}},"121":{"start":{"line":122,"column":0},"end":{"line":122,"column":46}},"122":{"start":{"line":123,"column":0},"end":{"line":123,"column":72}},"123":{"start":{"line":124,"column":0},"end":{"line":124,"column":17}},"124":{"start":{"line":125,"column":0},"end":{"line":125,"column":21}},"125":{"start":{"line":126,"column":0},"end":{"line":126,"column":77}},"126":{"start":{"line":127,"column":0},"end":{"line":127,"column":56}},"127":{"start":{"line":128,"column":0},"end":{"line":128,"column":5}},"128":{"start":{"line":129,"column":0},"end":{"line":129,"column":3}},"129":{"start":{"line":130,"column":0},"end":{"line":130,"column":0}},"130":{"start":{"line":131,"column":0},"end":{"line":131,"column":5}},"131":{"start":{"line":132,"column":0},"end":{"line":132,"column":60}},"132":{"start":{"line":133,"column":0},"end":{"line":133,"column":4}},"133":{"start":{"line":134,"column":0},"end":{"line":134,"column":67}},"134":{"start":{"line":135,"column":0},"end":{"line":135,"column":78}},"135":{"start":{"line":136,"column":0},"end":{"line":136,"column":68}},"136":{"start":{"line":137,"column":0},"end":{"line":137,"column":4}},"137":{"start":{"line":138,"column":0},"end":{"line":138,"column":70}},"138":{"start":{"line":139,"column":0},"end":{"line":139,"column":53}},"139":{"start":{"line":140,"column":0},"end":{"line":140,"column":121}},"140":{"start":{"line":141,"column":0},"end":{"line":141,"column":78}},"141":{"start":{"line":142,"column":0},"end":{"line":142,"column":46}},"142":{"start":{"line":143,"column":0},"end":{"line":143,"column":5}},"143":{"start":{"line":144,"column":0},"end":{"line":144,"column":74}},"144":{"start":{"line":145,"column":0},"end":{"line":145,"column":82}},"145":{"start":{"line":146,"column":0},"end":{"line":146,"column":53}},"146":{"start":{"line":147,"column":0},"end":{"line":147,"column":36}},"147":{"start":{"line":148,"column":0},"end":{"line":148,"column":65}},"148":{"start":{"line":149,"column":0},"end":{"line":149,"column":62}},"149":{"start":{"line":150,"column":0},"end":{"line":150,"column":0}},"150":{"start":{"line":151,"column":0},"end":{"line":151,"column":10}},"151":{"start":{"line":152,"column":0},"end":{"line":152,"column":74}},"152":{"start":{"line":153,"column":0},"end":{"line":153,"column":19}},"153":{"start":{"line":154,"column":0},"end":{"line":154,"column":22}},"154":{"start":{"line":155,"column":0},"end":{"line":155,"column":78}},"155":{"start":{"line":156,"column":0},"end":{"line":156,"column":20}},"156":{"start":{"line":157,"column":0},"end":{"line":157,"column":6}},"157":{"start":{"line":158,"column":0},"end":{"line":158,"column":3}},"158":{"start":{"line":159,"column":0},"end":{"line":159,"column":0}},"159":{"start":{"line":160,"column":0},"end":{"line":160,"column":5}},"160":{"start":{"line":161,"column":0},"end":{"line":161,"column":67}},"161":{"start":{"line":162,"column":0},"end":{"line":162,"column":4}},"162":{"start":{"line":163,"column":0},"end":{"line":163,"column":61}},"163":{"start":{"line":164,"column":0},"end":{"line":164,"column":53}},"164":{"start":{"line":165,"column":0},"end":{"line":165,"column":52}},"165":{"start":{"line":166,"column":0},"end":{"line":166,"column":109}},"166":{"start":{"line":167,"column":0},"end":{"line":167,"column":46}},"167":{"start":{"line":168,"column":0},"end":{"line":168,"column":5}},"168":{"start":{"line":169,"column":0},"end":{"line":169,"column":84}},"169":{"start":{"line":170,"column":0},"end":{"line":170,"column":9}},"170":{"start":{"line":171,"column":0},"end":{"line":171,"column":85}},"171":{"start":{"line":172,"column":0},"end":{"line":172,"column":57}},"172":{"start":{"line":173,"column":0},"end":{"line":173,"column":39}},"173":{"start":{"line":174,"column":0},"end":{"line":174,"column":77}},"174":{"start":{"line":175,"column":0},"end":{"line":175,"column":62}},"175":{"start":{"line":176,"column":0},"end":{"line":176,"column":21}},"176":{"start":{"line":177,"column":0},"end":{"line":177,"column":98}},"177":{"start":{"line":178,"column":0},"end":{"line":178,"column":20}},"178":{"start":{"line":179,"column":0},"end":{"line":179,"column":5}},"179":{"start":{"line":180,"column":0},"end":{"line":180,"column":3}},"180":{"start":{"line":181,"column":0},"end":{"line":181,"column":0}},"181":{"start":{"line":182,"column":0},"end":{"line":182,"column":5}},"182":{"start":{"line":183,"column":0},"end":{"line":183,"column":59}},"183":{"start":{"line":184,"column":0},"end":{"line":184,"column":4}},"184":{"start":{"line":185,"column":0},"end":{"line":185,"column":102}},"185":{"start":{"line":186,"column":0},"end":{"line":186,"column":89}},"186":{"start":{"line":187,"column":0},"end":{"line":187,"column":4}},"187":{"start":{"line":188,"column":0},"end":{"line":188,"column":65}},"188":{"start":{"line":189,"column":0},"end":{"line":189,"column":53}},"189":{"start":{"line":190,"column":0},"end":{"line":190,"column":86}},"190":{"start":{"line":191,"column":0},"end":{"line":191,"column":46}},"191":{"start":{"line":192,"column":0},"end":{"line":192,"column":5}},"192":{"start":{"line":193,"column":0},"end":{"line":193,"column":59}},"193":{"start":{"line":194,"column":0},"end":{"line":194,"column":9}},"194":{"start":{"line":195,"column":0},"end":{"line":195,"column":85}},"195":{"start":{"line":196,"column":0},"end":{"line":196,"column":57}},"196":{"start":{"line":197,"column":0},"end":{"line":197,"column":39}},"197":{"start":{"line":198,"column":0},"end":{"line":198,"column":52}},"198":{"start":{"line":199,"column":0},"end":{"line":199,"column":21}},"199":{"start":{"line":200,"column":0},"end":{"line":200,"column":85}},"200":{"start":{"line":201,"column":0},"end":{"line":201,"column":20}},"201":{"start":{"line":202,"column":0},"end":{"line":202,"column":5}},"202":{"start":{"line":203,"column":0},"end":{"line":203,"column":3}},"203":{"start":{"line":204,"column":0},"end":{"line":204,"column":0}},"204":{"start":{"line":205,"column":0},"end":{"line":205,"column":5}},"205":{"start":{"line":206,"column":0},"end":{"line":206,"column":65}},"206":{"start":{"line":207,"column":0},"end":{"line":207,"column":4}},"207":{"start":{"line":208,"column":0},"end":{"line":208,"column":53}},"208":{"start":{"line":209,"column":0},"end":{"line":209,"column":50}},"209":{"start":{"line":210,"column":0},"end":{"line":210,"column":76}},"210":{"start":{"line":211,"column":0},"end":{"line":211,"column":46}},"211":{"start":{"line":212,"column":0},"end":{"line":212,"column":5}},"212":{"start":{"line":213,"column":0},"end":{"line":213,"column":75}},"213":{"start":{"line":214,"column":0},"end":{"line":214,"column":82}},"214":{"start":{"line":215,"column":0},"end":{"line":215,"column":53}},"215":{"start":{"line":216,"column":0},"end":{"line":216,"column":38}},"216":{"start":{"line":217,"column":0},"end":{"line":217,"column":65}},"217":{"start":{"line":218,"column":0},"end":{"line":218,"column":79}},"218":{"start":{"line":219,"column":0},"end":{"line":219,"column":132}},"219":{"start":{"line":220,"column":0},"end":{"line":220,"column":0}},"220":{"start":{"line":221,"column":0},"end":{"line":221,"column":9}},"221":{"start":{"line":222,"column":0},"end":{"line":222,"column":63}},"222":{"start":{"line":223,"column":0},"end":{"line":223,"column":21}},"223":{"start":{"line":224,"column":0},"end":{"line":224,"column":99}},"224":{"start":{"line":225,"column":0},"end":{"line":225,"column":20}},"225":{"start":{"line":226,"column":0},"end":{"line":226,"column":5}},"226":{"start":{"line":227,"column":0},"end":{"line":227,"column":3}},"227":{"start":{"line":228,"column":0},"end":{"line":228,"column":0}},"228":{"start":{"line":229,"column":0},"end":{"line":229,"column":5}},"229":{"start":{"line":230,"column":0},"end":{"line":230,"column":56}},"230":{"start":{"line":231,"column":0},"end":{"line":231,"column":4}},"231":{"start":{"line":232,"column":0},"end":{"line":232,"column":77}},"232":{"start":{"line":233,"column":0},"end":{"line":233,"column":4}},"233":{"start":{"line":234,"column":0},"end":{"line":234,"column":62}},"234":{"start":{"line":235,"column":0},"end":{"line":235,"column":73}},"235":{"start":{"line":236,"column":0},"end":{"line":236,"column":46}},"236":{"start":{"line":237,"column":0},"end":{"line":237,"column":5}},"237":{"start":{"line":238,"column":0},"end":{"line":238,"column":56}},"238":{"start":{"line":239,"column":0},"end":{"line":239,"column":82}},"239":{"start":{"line":240,"column":0},"end":{"line":240,"column":53}},"240":{"start":{"line":241,"column":0},"end":{"line":241,"column":34}},"241":{"start":{"line":242,"column":0},"end":{"line":242,"column":65}},"242":{"start":{"line":243,"column":0},"end":{"line":243,"column":131}},"243":{"start":{"line":244,"column":0},"end":{"line":244,"column":0}},"244":{"start":{"line":245,"column":0},"end":{"line":245,"column":9}},"245":{"start":{"line":246,"column":0},"end":{"line":246,"column":60}},"246":{"start":{"line":247,"column":0},"end":{"line":247,"column":21}},"247":{"start":{"line":248,"column":0},"end":{"line":248,"column":69}},"248":{"start":{"line":249,"column":0},"end":{"line":249,"column":20}},"249":{"start":{"line":250,"column":0},"end":{"line":250,"column":5}},"250":{"start":{"line":251,"column":0},"end":{"line":251,"column":3}},"251":{"start":{"line":252,"column":0},"end":{"line":252,"column":0}},"252":{"start":{"line":253,"column":0},"end":{"line":253,"column":5}},"253":{"start":{"line":254,"column":0},"end":{"line":254,"column":47}},"254":{"start":{"line":255,"column":0},"end":{"line":255,"column":4}},"255":{"start":{"line":256,"column":0},"end":{"line":256,"column":75}},"256":{"start":{"line":257,"column":0},"end":{"line":257,"column":77}},"257":{"start":{"line":258,"column":0},"end":{"line":258,"column":57}},"258":{"start":{"line":259,"column":0},"end":{"line":259,"column":5}},"259":{"start":{"line":260,"column":0},"end":{"line":260,"column":24}},"260":{"start":{"line":261,"column":0},"end":{"line":261,"column":27}},"261":{"start":{"line":262,"column":0},"end":{"line":262,"column":3}},"262":{"start":{"line":263,"column":0},"end":{"line":263,"column":0}},"263":{"start":{"line":264,"column":0},"end":{"line":264,"column":27}},"264":{"start":{"line":265,"column":0},"end":{"line":265,"column":0}},"265":{"start":{"line":266,"column":0},"end":{"line":266,"column":5}},"266":{"start":{"line":267,"column":0},"end":{"line":267,"column":111}},"267":{"start":{"line":268,"column":0},"end":{"line":268,"column":4}},"268":{"start":{"line":269,"column":0},"end":{"line":269,"column":52}},"269":{"start":{"line":270,"column":0},"end":{"line":270,"column":53}},"270":{"start":{"line":271,"column":0},"end":{"line":271,"column":59}},"271":{"start":{"line":272,"column":0},"end":{"line":272,"column":63}},"272":{"start":{"line":273,"column":0},"end":{"line":273,"column":68}},"273":{"start":{"line":274,"column":0},"end":{"line":274,"column":83}},"274":{"start":{"line":275,"column":0},"end":{"line":275,"column":5}},"275":{"start":{"line":276,"column":0},"end":{"line":276,"column":103}},"276":{"start":{"line":277,"column":0},"end":{"line":277,"column":9}},"277":{"start":{"line":278,"column":0},"end":{"line":278,"column":85}},"278":{"start":{"line":279,"column":0},"end":{"line":279,"column":57}},"279":{"start":{"line":280,"column":0},"end":{"line":280,"column":45}},"280":{"start":{"line":281,"column":0},"end":{"line":281,"column":44}},"281":{"start":{"line":282,"column":0},"end":{"line":282,"column":52}},"282":{"start":{"line":283,"column":0},"end":{"line":283,"column":20}},"283":{"start":{"line":284,"column":0},"end":{"line":284,"column":117}},"284":{"start":{"line":285,"column":0},"end":{"line":285,"column":20}},"285":{"start":{"line":286,"column":0},"end":{"line":286,"column":5}},"286":{"start":{"line":287,"column":0},"end":{"line":287,"column":3}},"287":{"start":{"line":288,"column":0},"end":{"line":288,"column":0}},"288":{"start":{"line":289,"column":0},"end":{"line":289,"column":5}},"289":{"start":{"line":290,"column":0},"end":{"line":290,"column":102}},"290":{"start":{"line":291,"column":0},"end":{"line":291,"column":53}},"291":{"start":{"line":292,"column":0},"end":{"line":292,"column":4}},"292":{"start":{"line":293,"column":0},"end":{"line":293,"column":52}},"293":{"start":{"line":294,"column":0},"end":{"line":294,"column":53}},"294":{"start":{"line":295,"column":0},"end":{"line":295,"column":59}},"295":{"start":{"line":296,"column":0},"end":{"line":296,"column":63}},"296":{"start":{"line":297,"column":0},"end":{"line":297,"column":125}},"297":{"start":{"line":298,"column":0},"end":{"line":298,"column":103}},"298":{"start":{"line":299,"column":0},"end":{"line":299,"column":134}},"299":{"start":{"line":300,"column":0},"end":{"line":300,"column":92}},"300":{"start":{"line":301,"column":0},"end":{"line":301,"column":139}},"301":{"start":{"line":302,"column":0},"end":{"line":302,"column":114}},"302":{"start":{"line":303,"column":0},"end":{"line":303,"column":83}},"303":{"start":{"line":304,"column":0},"end":{"line":304,"column":5}},"304":{"start":{"line":305,"column":0},"end":{"line":305,"column":84}},"305":{"start":{"line":306,"column":0},"end":{"line":306,"column":100}},"306":{"start":{"line":307,"column":0},"end":{"line":307,"column":35}},"307":{"start":{"line":308,"column":0},"end":{"line":308,"column":19}},"308":{"start":{"line":309,"column":0},"end":{"line":309,"column":20}},"309":{"start":{"line":310,"column":0},"end":{"line":310,"column":20}},"310":{"start":{"line":311,"column":0},"end":{"line":311,"column":93}},"311":{"start":{"line":312,"column":0},"end":{"line":312,"column":28}},"312":{"start":{"line":313,"column":0},"end":{"line":313,"column":18}},"313":{"start":{"line":314,"column":0},"end":{"line":314,"column":21}},"314":{"start":{"line":315,"column":0},"end":{"line":315,"column":0}},"315":{"start":{"line":316,"column":0},"end":{"line":316,"column":9}},"316":{"start":{"line":317,"column":0},"end":{"line":317,"column":85}},"317":{"start":{"line":318,"column":0},"end":{"line":318,"column":57}},"318":{"start":{"line":319,"column":0},"end":{"line":319,"column":45}},"319":{"start":{"line":320,"column":0},"end":{"line":320,"column":0}},"320":{"start":{"line":321,"column":0},"end":{"line":321,"column":49}},"321":{"start":{"line":322,"column":0},"end":{"line":322,"column":67}},"322":{"start":{"line":323,"column":0},"end":{"line":323,"column":0}},"323":{"start":{"line":324,"column":0},"end":{"line":324,"column":46}},"324":{"start":{"line":325,"column":0},"end":{"line":325,"column":112}},"325":{"start":{"line":326,"column":0},"end":{"line":326,"column":40}},"326":{"start":{"line":327,"column":0},"end":{"line":327,"column":12}},"327":{"start":{"line":328,"column":0},"end":{"line":328,"column":0}},"328":{"start":{"line":329,"column":0},"end":{"line":329,"column":48}},"329":{"start":{"line":330,"column":0},"end":{"line":330,"column":17}},"330":{"start":{"line":331,"column":0},"end":{"line":331,"column":94}},"331":{"start":{"line":332,"column":0},"end":{"line":332,"column":29}},"332":{"start":{"line":333,"column":0},"end":{"line":333,"column":42}},"333":{"start":{"line":334,"column":0},"end":{"line":334,"column":31}},"334":{"start":{"line":335,"column":0},"end":{"line":335,"column":53}},"335":{"start":{"line":336,"column":0},"end":{"line":336,"column":45}},"336":{"start":{"line":337,"column":0},"end":{"line":337,"column":59}},"337":{"start":{"line":338,"column":0},"end":{"line":338,"column":52}},"338":{"start":{"line":339,"column":0},"end":{"line":339,"column":28}},"339":{"start":{"line":340,"column":0},"end":{"line":340,"column":61}},"340":{"start":{"line":341,"column":0},"end":{"line":341,"column":26}},"341":{"start":{"line":342,"column":0},"end":{"line":342,"column":52}},"342":{"start":{"line":343,"column":0},"end":{"line":343,"column":37}},"343":{"start":{"line":344,"column":0},"end":{"line":344,"column":19}},"344":{"start":{"line":345,"column":0},"end":{"line":345,"column":24}},"345":{"start":{"line":346,"column":0},"end":{"line":346,"column":36}},"346":{"start":{"line":347,"column":0},"end":{"line":347,"column":35}},"347":{"start":{"line":348,"column":0},"end":{"line":348,"column":17}},"348":{"start":{"line":349,"column":0},"end":{"line":349,"column":35}},"349":{"start":{"line":350,"column":0},"end":{"line":350,"column":78}},"350":{"start":{"line":351,"column":0},"end":{"line":351,"column":88}},"351":{"start":{"line":352,"column":0},"end":{"line":352,"column":13}},"352":{"start":{"line":353,"column":0},"end":{"line":353,"column":12}},"353":{"start":{"line":354,"column":0},"end":{"line":354,"column":11}},"354":{"start":{"line":355,"column":0},"end":{"line":355,"column":20}},"355":{"start":{"line":356,"column":0},"end":{"line":356,"column":124}},"356":{"start":{"line":357,"column":0},"end":{"line":357,"column":20}},"357":{"start":{"line":358,"column":0},"end":{"line":358,"column":5}},"358":{"start":{"line":359,"column":0},"end":{"line":359,"column":3}},"359":{"start":{"line":360,"column":0},"end":{"line":360,"column":0}},"360":{"start":{"line":361,"column":0},"end":{"line":361,"column":5}},"361":{"start":{"line":362,"column":0},"end":{"line":362,"column":116}},"362":{"start":{"line":363,"column":0},"end":{"line":363,"column":4}},"363":{"start":{"line":364,"column":0},"end":{"line":364,"column":53}},"364":{"start":{"line":365,"column":0},"end":{"line":365,"column":58}},"365":{"start":{"line":366,"column":0},"end":{"line":366,"column":134}},"366":{"start":{"line":367,"column":0},"end":{"line":367,"column":70}},"367":{"start":{"line":368,"column":0},"end":{"line":368,"column":83}},"368":{"start":{"line":369,"column":0},"end":{"line":369,"column":5}},"369":{"start":{"line":370,"column":0},"end":{"line":370,"column":119}},"370":{"start":{"line":371,"column":0},"end":{"line":371,"column":10}},"371":{"start":{"line":372,"column":0},"end":{"line":372,"column":85}},"372":{"start":{"line":373,"column":0},"end":{"line":373,"column":57}},"373":{"start":{"line":374,"column":0},"end":{"line":374,"column":45}},"374":{"start":{"line":375,"column":0},"end":{"line":375,"column":43}},"375":{"start":{"line":376,"column":0},"end":{"line":376,"column":55}},"376":{"start":{"line":377,"column":0},"end":{"line":377,"column":22}},"377":{"start":{"line":378,"column":0},"end":{"line":378,"column":118}},"378":{"start":{"line":379,"column":0},"end":{"line":379,"column":20}},"379":{"start":{"line":380,"column":0},"end":{"line":380,"column":6}},"380":{"start":{"line":381,"column":0},"end":{"line":381,"column":3}},"381":{"start":{"line":382,"column":0},"end":{"line":382,"column":0}},"382":{"start":{"line":383,"column":0},"end":{"line":383,"column":1}}},"s":{"0":1,"1":1,"2":1,"3":1,"4":1,"5":1,"6":1,"7":1,"8":51,"9":51,"10":51,"11":51,"12":51,"13":51,"14":51,"15":1,"16":1,"17":1,"18":1,"19":1,"20":1,"21":1,"22":1,"23":36,"24":36,"25":36,"26":36,"27":36,"28":36,"29":36,"30":1,"31":1,"32":1,"33":1,"34":1,"35":1,"36":1,"37":1,"38":1,"39":1,"40":1,"41":1,"42":1,"43":1,"44":1,"45":1,"46":1,"47":1,"48":1,"49":1,"50":1,"51":1,"52":1,"53":1,"54":1,"55":1,"56":1,"57":1,"58":1,"59":1,"60":1,"61":1,"62":1,"63":1,"64":1,"65":1,"66":1,"67":1,"68":1,"69":1,"70":1,"71":1,"72":1,"73":1,"74":1,"75":1,"76":1,"77":1,"78":1,"79":1,"80":1,"81":1,"82":1,"83":1,"84":1,"85":1,"86":1,"87":1,"88":1,"89":1,"90":1,"91":1,"92":1,"93":1,"94":1,"95":1,"96":14,"97":14,"98":1,"99":1,"100":1,"101":1,"102":1,"103":1,"104":1,"105":1,"106":1,"107":1,"108":1,"109":1,"110":1,"111":1,"112":1,"113":12,"114":12,"115":12,"116":12,"117":12,"118":12,"119":12,"120":12,"121":12,"122":12,"123":11,"124":12,"125":1,"126":1,"127":1,"128":12,"129":1,"130":1,"131":1,"132":1,"133":1,"134":1,"135":1,"136":1,"137":1,"138":1,"139":1,"140":1,"141":1,"142":1,"143":1,"144":22,"145":22,"146":22,"147":22,"148":22,"149":22,"150":22,"151":22,"152":22,"153":22,"154":0,"155":0,"156":0,"157":22,"158":1,"159":1,"160":1,"161":1,"162":1,"163":1,"164":1,"165":1,"166":1,"167":1,"168":1,"169":7,"170":7,"171":7,"172":7,"173":7,"174":7,"175":7,"176":0,"177":0,"178":0,"179":7,"180":1,"181":1,"182":1,"183":1,"184":1,"185":1,"186":1,"187":1,"188":1,"189":1,"190":1,"191":1,"192":1,"193":3,"194":3,"195":3,"196":3,"197":3,"198":3,"199":0,"200":0,"201":0,"202":3,"203":1,"204":1,"205":1,"206":1,"207":1,"208":1,"209":1,"210":1,"211":1,"212":1,"213":1,"214":1,"215":1,"216":1,"217":1,"218":1,"219":1,"220":1,"221":1,"222":1,"223":0,"224":0,"225":0,"226":1,"227":1,"228":1,"229":1,"230":1,"231":1,"232":1,"233":1,"234":1,"235":1,"236":1,"237":1,"238":1,"239":1,"240":1,"241":1,"242":1,"243":1,"244":1,"245":1,"246":1,"247":0,"248":0,"249":0,"250":1,"251":1,"252":1,"253":1,"254":1,"255":1,"256":1,"257":1,"258":1,"259":1,"260":15,"261":15,"262":1,"263":1,"264":1,"265":1,"266":1,"267":1,"268":1,"269":1,"270":1,"271":1,"272":1,"273":1,"274":1,"275":1,"276":3,"277":3,"278":3,"279":3,"280":3,"281":3,"282":3,"283":0,"284":0,"285":0,"286":3,"287":1,"288":1,"289":1,"290":1,"291":1,"292":1,"293":1,"294":1,"295":1,"296":1,"297":1,"298":1,"299":1,"300":1,"301":1,"302":1,"303":1,"304":1,"305":3,"306":3,"307":3,"308":3,"309":3,"310":3,"311":3,"312":3,"313":3,"314":3,"315":3,"316":3,"317":3,"318":3,"319":3,"320":3,"321":3,"322":3,"323":3,"324":0,"325":0,"326":3,"327":3,"328":3,"329":13,"330":13,"331":13,"332":11,"333":1,"334":1,"335":11,"336":9,"337":9,"338":9,"339":9,"340":10,"341":1,"342":1,"343":1,"344":13,"345":2,"346":2,"347":2,"348":13,"349":0,"350":0,"351":0,"352":3,"353":3,"354":3,"355":0,"356":0,"357":0,"358":3,"359":1,"360":1,"361":1,"362":1,"363":1,"364":1,"365":1,"366":1,"367":1,"368":1,"369":1,"370":2,"371":2,"372":2,"373":2,"374":2,"375":2,"376":2,"377":0,"378":0,"379":0,"380":2,"381":1,"382":1},"branchMap":{"0":{"type":"branch","line":9,"loc":{"start":{"line":9,"column":0},"end":{"line":15,"column":1}},"locations":[{"start":{"line":9,"column":0},"end":{"line":15,"column":1}}]},"1":{"type":"branch","line":10,"loc":{"start":{"line":10,"column":21},"end":{"line":14,"column":3}},"locations":[{"start":{"line":10,"column":21},"end":{"line":14,"column":3}}]},"2":{"type":"branch","line":11,"loc":{"start":{"line":11,"column":24},"end":{"line":11,"column":53}},"locations":[{"start":{"line":11,"column":24},"end":{"line":11,"column":53}}]},"3":{"type":"branch","line":13,"loc":{"start":{"line":13,"column":22},"end":{"line":13,"column":75}},"locations":[{"start":{"line":13,"column":22},"end":{"line":13,"column":75}}]},"4":{"type":"branch","line":24,"loc":{"start":{"line":24,"column":0},"end":{"line":30,"column":1}},"locations":[{"start":{"line":24,"column":0},"end":{"line":30,"column":1}}]},"5":{"type":"branch","line":25,"loc":{"start":{"line":25,"column":23},"end":{"line":29,"column":5}},"locations":[{"start":{"line":25,"column":23},"end":{"line":29,"column":5}}]},"6":{"type":"branch","line":26,"loc":{"start":{"line":26,"column":33},"end":{"line":26,"column":48}},"locations":[{"start":{"line":26,"column":33},"end":{"line":26,"column":48}}]},"7":{"type":"branch","line":27,"loc":{"start":{"line":27,"column":30},"end":{"line":27,"column":61}},"locations":[{"start":{"line":27,"column":30},"end":{"line":27,"column":61}}]},"8":{"type":"branch","line":28,"loc":{"start":{"line":28,"column":30},"end":{"line":28,"column":98}},"locations":[{"start":{"line":28,"column":30},"end":{"line":28,"column":98}}]},"9":{"type":"branch","line":28,"loc":{"start":{"line":28,"column":60},"end":{"line":28,"column":96}},"locations":[{"start":{"line":28,"column":60},"end":{"line":28,"column":96}}]},"10":{"type":"branch","line":96,"loc":{"start":{"line":96,"column":2},"end":{"line":98,"column":3}},"locations":[{"start":{"line":96,"column":2},"end":{"line":98,"column":3}}]},"11":{"type":"branch","line":113,"loc":{"start":{"line":113,"column":9},"end":{"line":129,"column":3}},"locations":[{"start":{"line":113,"column":9},"end":{"line":129,"column":3}}]},"12":{"type":"branch","line":124,"loc":{"start":{"line":124,"column":-1},"end":{"line":125,"column":13}},"locations":[{"start":{"line":124,"column":-1},"end":{"line":125,"column":13}}]},"13":{"type":"branch","line":125,"loc":{"start":{"line":125,"column":6},"end":{"line":128,"column":5}},"locations":[{"start":{"line":125,"column":6},"end":{"line":128,"column":5}}]},"14":{"type":"branch","line":144,"loc":{"start":{"line":144,"column":10},"end":{"line":158,"column":3}},"locations":[{"start":{"line":144,"column":10},"end":{"line":158,"column":3}}]},"15":{"type":"branch","line":154,"loc":{"start":{"line":154,"column":7},"end":{"line":157,"column":6}},"locations":[{"start":{"line":154,"column":7},"end":{"line":157,"column":6}}]},"16":{"type":"branch","line":169,"loc":{"start":{"line":169,"column":9},"end":{"line":180,"column":3}},"locations":[{"start":{"line":169,"column":9},"end":{"line":180,"column":3}}]},"17":{"type":"branch","line":176,"loc":{"start":{"line":176,"column":6},"end":{"line":179,"column":5}},"locations":[{"start":{"line":176,"column":6},"end":{"line":179,"column":5}}]},"18":{"type":"branch","line":193,"loc":{"start":{"line":193,"column":9},"end":{"line":203,"column":3}},"locations":[{"start":{"line":193,"column":9},"end":{"line":203,"column":3}}]},"19":{"type":"branch","line":199,"loc":{"start":{"line":199,"column":6},"end":{"line":202,"column":5}},"locations":[{"start":{"line":199,"column":6},"end":{"line":202,"column":5}}]},"20":{"type":"branch","line":213,"loc":{"start":{"line":213,"column":9},"end":{"line":227,"column":3}},"locations":[{"start":{"line":213,"column":9},"end":{"line":227,"column":3}}]},"21":{"type":"branch","line":223,"loc":{"start":{"line":223,"column":6},"end":{"line":226,"column":5}},"locations":[{"start":{"line":223,"column":6},"end":{"line":226,"column":5}}]},"22":{"type":"branch","line":219,"loc":{"start":{"line":219,"column":68},"end":{"line":219,"column":76}},"locations":[{"start":{"line":219,"column":68},"end":{"line":219,"column":76}}]},"23":{"type":"branch","line":238,"loc":{"start":{"line":238,"column":9},"end":{"line":251,"column":3}},"locations":[{"start":{"line":238,"column":9},"end":{"line":251,"column":3}}]},"24":{"type":"branch","line":247,"loc":{"start":{"line":247,"column":6},"end":{"line":250,"column":5}},"locations":[{"start":{"line":247,"column":6},"end":{"line":250,"column":5}}]},"25":{"type":"branch","line":243,"loc":{"start":{"line":243,"column":67},"end":{"line":243,"column":75}},"locations":[{"start":{"line":243,"column":67},"end":{"line":243,"column":75}}]},"26":{"type":"branch","line":260,"loc":{"start":{"line":260,"column":9},"end":{"line":262,"column":3}},"locations":[{"start":{"line":260,"column":9},"end":{"line":262,"column":3}}]},"27":{"type":"branch","line":276,"loc":{"start":{"line":276,"column":9},"end":{"line":287,"column":3}},"locations":[{"start":{"line":276,"column":9},"end":{"line":287,"column":3}}]},"28":{"type":"branch","line":283,"loc":{"start":{"line":283,"column":6},"end":{"line":286,"column":5}},"locations":[{"start":{"line":283,"column":6},"end":{"line":286,"column":5}}]},"29":{"type":"branch","line":305,"loc":{"start":{"line":305,"column":9},"end":{"line":359,"column":3}},"locations":[{"start":{"line":305,"column":9},"end":{"line":359,"column":3}}]},"30":{"type":"branch","line":311,"loc":{"start":{"line":311,"column":86},"end":{"line":311,"column":92}},"locations":[{"start":{"line":311,"column":86},"end":{"line":311,"column":92}}]},"31":{"type":"branch","line":355,"loc":{"start":{"line":355,"column":6},"end":{"line":358,"column":5}},"locations":[{"start":{"line":355,"column":6},"end":{"line":358,"column":5}}]},"32":{"type":"branch","line":321,"loc":{"start":{"line":321,"column":27},"end":{"line":354,"column":9}},"locations":[{"start":{"line":321,"column":27},"end":{"line":354,"column":9}}]},"33":{"type":"branch","line":329,"loc":{"start":{"line":329,"column":36},"end":{"line":353,"column":11}},"locations":[{"start":{"line":329,"column":36},"end":{"line":353,"column":11}}]},"34":{"type":"branch","line":332,"loc":{"start":{"line":332,"column":28},"end":{"line":345,"column":17}},"locations":[{"start":{"line":332,"column":28},"end":{"line":345,"column":17}}]},"35":{"type":"branch","line":333,"loc":{"start":{"line":333,"column":41},"end":{"line":336,"column":19}},"locations":[{"start":{"line":333,"column":41},"end":{"line":336,"column":19}}]},"36":{"type":"branch","line":336,"loc":{"start":{"line":336,"column":19},"end":{"line":344,"column":19}},"locations":[{"start":{"line":336,"column":19},"end":{"line":344,"column":19}}]},"37":{"type":"branch","line":336,"loc":{"start":{"line":336,"column":44},"end":{"line":341,"column":19}},"locations":[{"start":{"line":336,"column":44},"end":{"line":341,"column":19}}]},"38":{"type":"branch","line":341,"loc":{"start":{"line":341,"column":19},"end":{"line":344,"column":19}},"locations":[{"start":{"line":341,"column":19},"end":{"line":344,"column":19}}]},"39":{"type":"branch","line":345,"loc":{"start":{"line":345,"column":17},"end":{"line":348,"column":17}},"locations":[{"start":{"line":345,"column":17},"end":{"line":348,"column":17}}]},"40":{"type":"branch","line":349,"loc":{"start":{"line":349,"column":14},"end":{"line":352,"column":13}},"locations":[{"start":{"line":349,"column":14},"end":{"line":352,"column":13}}]},"41":{"type":"branch","line":370,"loc":{"start":{"line":370,"column":9},"end":{"line":381,"column":3}},"locations":[{"start":{"line":370,"column":9},"end":{"line":381,"column":3}}]},"42":{"type":"branch","line":377,"loc":{"start":{"line":377,"column":7},"end":{"line":380,"column":6}},"locations":[{"start":{"line":377,"column":7},"end":{"line":380,"column":6}}]}},"b":{"0":[51],"1":[51],"2":[50],"3":[1],"4":[36],"5":[36],"6":[35],"7":[1],"8":[1],"9":[0],"10":[14],"11":[12],"12":[11],"13":[1],"14":[22],"15":[0],"16":[7],"17":[0],"18":[3],"19":[0],"20":[1],"21":[0],"22":[1],"23":[1],"24":[0],"25":[1],"26":[15],"27":[3],"28":[0],"29":[3],"30":[0],"31":[0],"32":[3],"33":[13],"34":[11],"35":[1],"36":[10],"37":[9],"38":[1],"39":[2],"40":[0],"41":[2],"42":[0]},"fnMap":{"0":{"name":"promisifyRequest","decl":{"start":{"line":9,"column":0},"end":{"line":15,"column":1}},"loc":{"start":{"line":9,"column":0},"end":{"line":15,"column":1}},"line":9},"1":{"name":"request.onsuccess","decl":{"start":{"line":11,"column":24},"end":{"line":11,"column":53}},"loc":{"start":{"line":11,"column":24},"end":{"line":11,"column":53}},"line":11},"2":{"name":"request.onerror","decl":{"start":{"line":13,"column":22},"end":{"line":13,"column":75}},"loc":{"start":{"line":13,"column":22},"end":{"line":13,"column":75}},"line":13},"3":{"name":"promisifyTransaction","decl":{"start":{"line":24,"column":0},"end":{"line":30,"column":1}},"loc":{"start":{"line":24,"column":0},"end":{"line":30,"column":1}},"line":24},"4":{"name":"transaction.oncomplete","decl":{"start":{"line":26,"column":33},"end":{"line":26,"column":48}},"loc":{"start":{"line":26,"column":33},"end":{"line":26,"column":48}},"line":26},"5":{"name":"transaction.onerror","decl":{"start":{"line":27,"column":30},"end":{"line":27,"column":61}},"loc":{"start":{"line":27,"column":30},"end":{"line":27,"column":61}},"line":27},"6":{"name":"transaction.onabort","decl":{"start":{"line":28,"column":30},"end":{"line":28,"column":98}},"loc":{"start":{"line":28,"column":30},"end":{"line":28,"column":98}},"line":28},"7":{"name":"FastIndexedDB","decl":{"start":{"line":96,"column":2},"end":{"line":98,"column":3}},"loc":{"start":{"line":96,"column":2},"end":{"line":98,"column":3}},"line":96},"8":{"name":"add","decl":{"start":{"line":113,"column":9},"end":{"line":129,"column":3}},"loc":{"start":{"line":113,"column":9},"end":{"line":129,"column":3}},"line":113},"9":{"name":"put","decl":{"start":{"line":144,"column":10},"end":{"line":158,"column":3}},"loc":{"start":{"line":144,"column":10},"end":{"line":158,"column":3}},"line":144},"10":{"name":"get","decl":{"start":{"line":169,"column":9},"end":{"line":180,"column":3}},"loc":{"start":{"line":169,"column":9},"end":{"line":180,"column":3}},"line":169},"11":{"name":"getAll","decl":{"start":{"line":193,"column":9},"end":{"line":203,"column":3}},"loc":{"start":{"line":193,"column":9},"end":{"line":203,"column":3}},"line":193},"12":{"name":"delete","decl":{"start":{"line":213,"column":9},"end":{"line":227,"column":3}},"loc":{"start":{"line":213,"column":9},"end":{"line":227,"column":3}},"line":213},"13":{"name":"clear","decl":{"start":{"line":238,"column":9},"end":{"line":251,"column":3}},"loc":{"start":{"line":238,"column":9},"end":{"line":251,"column":3}},"line":238},"14":{"name":"close","decl":{"start":{"line":260,"column":9},"end":{"line":262,"column":3}},"loc":{"start":{"line":260,"column":9},"end":{"line":262,"column":3}},"line":260},"15":{"name":"findByIndex","decl":{"start":{"line":276,"column":9},"end":{"line":287,"column":3}},"loc":{"start":{"line":276,"column":9},"end":{"line":287,"column":3}},"line":276},"16":{"name":"findByIndexRange","decl":{"start":{"line":305,"column":9},"end":{"line":359,"column":3}},"loc":{"start":{"line":305,"column":9},"end":{"line":359,"column":3}},"line":305},"17":{"name":"cursorRequest.onerror","decl":{"start":{"line":324,"column":34},"end":{"line":327,"column":11}},"loc":{"start":{"line":324,"column":34},"end":{"line":327,"column":11}},"line":324},"18":{"name":"cursorRequest.onsuccess","decl":{"start":{"line":329,"column":36},"end":{"line":353,"column":11}},"loc":{"start":{"line":329,"column":36},"end":{"line":353,"column":11}},"line":329},"19":{"name":"countByIndex","decl":{"start":{"line":370,"column":9},"end":{"line":381,"column":3}},"loc":{"start":{"line":370,"column":9},"end":{"line":381,"column":3}},"line":370}},"f":{"0":51,"1":50,"2":1,"3":36,"4":35,"5":1,"6":1,"7":14,"8":12,"9":22,"10":7,"11":3,"12":1,"13":1,"14":15,"15":3,"16":3,"17":0,"18":13,"19":2}}
,"/Users/vijayanandayyasamy/Pet-Projects/indexeddb-fast-search/src/db.ts": {"path":"/Users/vijayanandayyasamy/Pet-Projects/indexeddb-fast-search/src/db.ts","all":false,"statementMap":{"0":{"start":{"line":1,"column":0},"end":{"line":1,"column":3}},"1":{"start":{"line":2,"column":0},"end":{"line":2,"column":55}},"2":{"start":{"line":3,"column":0},"end":{"line":3,"column":3}},"3":{"start":{"line":4,"column":0},"end":{"line":4,"column":30}},"4":{"start":{"line":5,"column":0},"end":{"line":5,"column":38}},"5":{"start":{"line":6,"column":0},"end":{"line":6,"column":15}},"6":{"start":{"line":7,"column":0},"end":{"line":7,"column":68}},"7":{"start":{"line":8,"column":0},"end":{"line":8,"column":30}},"8":{"start":{"line":9,"column":0},"end":{"line":9,"column":87}},"9":{"start":{"line":10,"column":0},"end":{"line":10,"column":26}},"10":{"start":{"line":11,"column":0},"end":{"line":11,"column":54}},"11":{"start":{"line":12,"column":0},"end":{"line":12,"column":26}},"12":{"start":{"line":13,"column":0},"end":{"line":13,"column":1}},"13":{"start":{"line":14,"column":0},"end":{"line":14,"column":0}},"14":{"start":{"line":15,"column":0},"end":{"line":15,"column":3}},"15":{"start":{"line":16,"column":0},"end":{"line":16,"column":71}},"16":{"start":{"line":17,"column":0},"end":{"line":17,"column":3}},"17":{"start":{"line":18,"column":0},"end":{"line":18,"column":30}},"18":{"start":{"line":19,"column":0},"end":{"line":19,"column":31}},"19":{"start":{"line":20,"column":0},"end":{"line":20,"column":15}},"20":{"start":{"line":21,"column":0},"end":{"line":21,"column":70}},"21":{"start":{"line":22,"column":0},"end":{"line":22,"column":29}},"22":{"start":{"line":23,"column":0},"end":{"line":23,"column":84}},"23":{"start":{"line":24,"column":0},"end":{"line":24,"column":31}},"24":{"start":{"line":25,"column":0},"end":{"line":25,"column":1}},"25":{"start":{"line":26,"column":0},"end":{"line":26,"column":0}},"26":{"start":{"line":27,"column":0},"end":{"line":27,"column":3}},"27":{"start":{"line":28,"column":0},"end":{"line":28,"column":71}},"28":{"start":{"line":29,"column":0},"end":{"line":29,"column":62}},"29":{"start":{"line":30,"column":0},"end":{"line":30,"column":12}},"30":{"start":{"line":31,"column":0},"end":{"line":31,"column":3}},"31":{"start":{"line":32,"column":0},"end":{"line":32,"column":31}},"32":{"start":{"line":33,"column":0},"end":{"line":33,"column":40}},"33":{"start":{"line":34,"column":0},"end":{"line":34,"column":25}},"34":{"start":{"line":35,"column":0},"end":{"line":35,"column":28}},"35":{"start":{"line":36,"column":0},"end":{"line":36,"column":32}},"36":{"start":{"line":37,"column":0},"end":{"line":37,"column":0}},"37":{"start":{"line":38,"column":0},"end":{"line":38,"column":5}},"38":{"start":{"line":39,"column":0},"end":{"line":39,"column":45}},"39":{"start":{"line":40,"column":0},"end":{"line":40,"column":46}},"40":{"start":{"line":41,"column":0},"end":{"line":41,"column":50}},"41":{"start":{"line":42,"column":0},"end":{"line":42,"column":75}},"42":{"start":{"line":43,"column":0},"end":{"line":43,"column":62}},"43":{"start":{"line":44,"column":0},"end":{"line":44,"column":5}},"44":{"start":{"line":45,"column":0},"end":{"line":45,"column":71}},"45":{"start":{"line":46,"column":0},"end":{"line":46,"column":91}},"46":{"start":{"line":47,"column":0},"end":{"line":47,"column":84}},"47":{"start":{"line":48,"column":0},"end":{"line":48,"column":15}},"48":{"start":{"line":49,"column":0},"end":{"line":49,"column":87}},"49":{"start":{"line":50,"column":0},"end":{"line":50,"column":5}},"50":{"start":{"line":51,"column":0},"end":{"line":51,"column":25}},"51":{"start":{"line":52,"column":0},"end":{"line":52,"column":29}},"52":{"start":{"line":53,"column":0},"end":{"line":53,"column":25}},"53":{"start":{"line":54,"column":0},"end":{"line":54,"column":3}},"54":{"start":{"line":55,"column":0},"end":{"line":55,"column":0}},"55":{"start":{"line":56,"column":0},"end":{"line":56,"column":5}},"56":{"start":{"line":57,"column":0},"end":{"line":57,"column":45}},"57":{"start":{"line":58,"column":0},"end":{"line":58,"column":64}},"58":{"start":{"line":59,"column":0},"end":{"line":59,"column":66}},"59":{"start":{"line":60,"column":0},"end":{"line":60,"column":13}},"60":{"start":{"line":61,"column":0},"end":{"line":61,"column":5}},"61":{"start":{"line":62,"column":0},"end":{"line":62,"column":42}},"62":{"start":{"line":63,"column":0},"end":{"line":63,"column":45}},"63":{"start":{"line":64,"column":0},"end":{"line":64,"column":20}},"64":{"start":{"line":65,"column":0},"end":{"line":65,"column":25}},"65":{"start":{"line":66,"column":0},"end":{"line":66,"column":15}},"66":{"start":{"line":67,"column":0},"end":{"line":67,"column":7}},"67":{"start":{"line":68,"column":0},"end":{"line":68,"column":0}},"68":{"start":{"line":69,"column":0},"end":{"line":69,"column":92}},"69":{"start":{"line":70,"column":0},"end":{"line":70,"column":66}},"70":{"start":{"line":71,"column":0},"end":{"line":71,"column":0}},"71":{"start":{"line":72,"column":0},"end":{"line":72,"column":36}},"72":{"start":{"line":73,"column":0},"end":{"line":73,"column":63}},"73":{"start":{"line":74,"column":0},"end":{"line":74,"column":61}},"74":{"start":{"line":75,"column":0},"end":{"line":75,"column":52}},"75":{"start":{"line":76,"column":0},"end":{"line":76,"column":8}},"76":{"start":{"line":77,"column":0},"end":{"line":77,"column":0}},"77":{"start":{"line":78,"column":0},"end":{"line":78,"column":38}},"78":{"start":{"line":79,"column":0},"end":{"line":79,"column":60}},"79":{"start":{"line":80,"column":0},"end":{"line":80,"column":99}},"80":{"start":{"line":81,"column":0},"end":{"line":81,"column":0}},"81":{"start":{"line":82,"column":0},"end":{"line":82,"column":75}},"82":{"start":{"line":83,"column":0},"end":{"line":83,"column":69}},"83":{"start":{"line":84,"column":0},"end":{"line":84,"column":84}},"84":{"start":{"line":85,"column":0},"end":{"line":85,"column":38}},"85":{"start":{"line":86,"column":0},"end":{"line":86,"column":70}},"86":{"start":{"line":87,"column":0},"end":{"line":87,"column":9}},"87":{"start":{"line":88,"column":0},"end":{"line":88,"column":0}},"88":{"start":{"line":89,"column":0},"end":{"line":89,"column":67}},"89":{"start":{"line":90,"column":0},"end":{"line":90,"column":41}},"90":{"start":{"line":91,"column":0},"end":{"line":91,"column":102}},"91":{"start":{"line":92,"column":0},"end":{"line":92,"column":24}},"92":{"start":{"line":93,"column":0},"end":{"line":93,"column":77}},"93":{"start":{"line":94,"column":0},"end":{"line":94,"column":10}},"94":{"start":{"line":95,"column":0},"end":{"line":95,"column":0}},"95":{"start":{"line":96,"column":0},"end":{"line":96,"column":25}},"96":{"start":{"line":97,"column":0},"end":{"line":97,"column":8}},"97":{"start":{"line":98,"column":0},"end":{"line":98,"column":0}},"98":{"start":{"line":99,"column":0},"end":{"line":99,"column":44}},"99":{"start":{"line":100,"column":0},"end":{"line":100,"column":140}},"100":{"start":{"line":101,"column":0},"end":{"line":101,"column":61}},"101":{"start":{"line":102,"column":0},"end":{"line":102,"column":75}},"102":{"start":{"line":103,"column":0},"end":{"line":103,"column":0}},"103":{"start":{"line":104,"column":0},"end":{"line":104,"column":27}},"104":{"start":{"line":105,"column":0},"end":{"line":105,"column":79}},"105":{"start":{"line":106,"column":0},"end":{"line":106,"column":48}},"106":{"start":{"line":107,"column":0},"end":{"line":107,"column":17}},"107":{"start":{"line":108,"column":0},"end":{"line":108,"column":9}},"108":{"start":{"line":109,"column":0},"end":{"line":109,"column":0}},"109":{"start":{"line":110,"column":0},"end":{"line":110,"column":45}},"110":{"start":{"line":111,"column":0},"end":{"line":111,"column":89}},"111":{"start":{"line":112,"column":0},"end":{"line":112,"column":77}},"112":{"start":{"line":113,"column":0},"end":{"line":113,"column":10}},"113":{"start":{"line":114,"column":0},"end":{"line":114,"column":0}},"114":{"start":{"line":115,"column":0},"end":{"line":115,"column":37}},"115":{"start":{"line":116,"column":0},"end":{"line":116,"column":13}},"116":{"start":{"line":117,"column":0},"end":{"line":117,"column":71}},"117":{"start":{"line":118,"column":0},"end":{"line":118,"column":67}},"118":{"start":{"line":119,"column":0},"end":{"line":119,"column":0}},"119":{"start":{"line":120,"column":0},"end":{"line":120,"column":58}},"120":{"start":{"line":121,"column":0},"end":{"line":121,"column":53}},"121":{"start":{"line":122,"column":0},"end":{"line":122,"column":59}},"122":{"start":{"line":123,"column":0},"end":{"line":123,"column":48}},"123":{"start":{"line":124,"column":0},"end":{"line":124,"column":66}},"124":{"start":{"line":125,"column":0},"end":{"line":125,"column":15}},"125":{"start":{"line":126,"column":0},"end":{"line":126,"column":15}},"126":{"start":{"line":127,"column":0},"end":{"line":127,"column":0}},"127":{"start":{"line":128,"column":0},"end":{"line":128,"column":50}},"128":{"start":{"line":129,"column":0},"end":{"line":129,"column":48}},"129":{"start":{"line":130,"column":0},"end":{"line":130,"column":40}},"130":{"start":{"line":131,"column":0},"end":{"line":131,"column":67}},"131":{"start":{"line":132,"column":0},"end":{"line":132,"column":35}},"132":{"start":{"line":133,"column":0},"end":{"line":133,"column":64}},"133":{"start":{"line":134,"column":0},"end":{"line":134,"column":47}},"134":{"start":{"line":135,"column":0},"end":{"line":135,"column":59}},"135":{"start":{"line":136,"column":0},"end":{"line":136,"column":19}},"136":{"start":{"line":137,"column":0},"end":{"line":137,"column":73}},"137":{"start":{"line":138,"column":0},"end":{"line":138,"column":22}},"138":{"start":{"line":139,"column":0},"end":{"line":139,"column":68}},"139":{"start":{"line":140,"column":0},"end":{"line":140,"column":66}},"140":{"start":{"line":141,"column":0},"end":{"line":141,"column":15}},"141":{"start":{"line":142,"column":0},"end":{"line":142,"column":0}},"142":{"start":{"line":143,"column":0},"end":{"line":143,"column":31}},"143":{"start":{"line":144,"column":0},"end":{"line":144,"column":40}},"144":{"start":{"line":145,"column":0},"end":{"line":145,"column":72}},"145":{"start":{"line":146,"column":0},"end":{"line":146,"column":83}},"146":{"start":{"line":147,"column":0},"end":{"line":147,"column":0}},"147":{"start":{"line":148,"column":0},"end":{"line":148,"column":74}},"148":{"start":{"line":149,"column":0},"end":{"line":149,"column":57}},"149":{"start":{"line":150,"column":0},"end":{"line":150,"column":63}},"150":{"start":{"line":151,"column":0},"end":{"line":151,"column":49}},"151":{"start":{"line":152,"column":0},"end":{"line":152,"column":95}},"152":{"start":{"line":153,"column":0},"end":{"line":153,"column":19}},"153":{"start":{"line":154,"column":0},"end":{"line":154,"column":19}},"154":{"start":{"line":155,"column":0},"end":{"line":155,"column":0}},"155":{"start":{"line":156,"column":0},"end":{"line":156,"column":37}},"156":{"start":{"line":157,"column":0},"end":{"line":157,"column":60}},"157":{"start":{"line":158,"column":0},"end":{"line":158,"column":71}},"158":{"start":{"line":159,"column":0},"end":{"line":159,"column":98}},"159":{"start":{"line":160,"column":0},"end":{"line":160,"column":100}},"160":{"start":{"line":161,"column":0},"end":{"line":161,"column":19}},"161":{"start":{"line":162,"column":0},"end":{"line":162,"column":116}},"162":{"start":{"line":163,"column":0},"end":{"line":163,"column":82}},"163":{"start":{"line":164,"column":0},"end":{"line":164,"column":19}},"164":{"start":{"line":165,"column":0},"end":{"line":165,"column":15}},"165":{"start":{"line":166,"column":0},"end":{"line":166,"column":15}},"166":{"start":{"line":167,"column":0},"end":{"line":167,"column":77}},"167":{"start":{"line":168,"column":0},"end":{"line":168,"column":21}},"168":{"start":{"line":169,"column":0},"end":{"line":169,"column":66}},"169":{"start":{"line":170,"column":0},"end":{"line":170,"column":78}},"170":{"start":{"line":171,"column":0},"end":{"line":171,"column":62}},"171":{"start":{"line":172,"column":0},"end":{"line":172,"column":69}},"172":{"start":{"line":173,"column":0},"end":{"line":173,"column":46}},"173":{"start":{"line":174,"column":0},"end":{"line":174,"column":9}},"174":{"start":{"line":175,"column":0},"end":{"line":175,"column":96}},"175":{"start":{"line":176,"column":0},"end":{"line":176,"column":8}},"176":{"start":{"line":177,"column":0},"end":{"line":177,"column":0}},"177":{"start":{"line":178,"column":0},"end":{"line":178,"column":38}},"178":{"start":{"line":179,"column":0},"end":{"line":179,"column":68}},"179":{"start":{"line":180,"column":0},"end":{"line":180,"column":108}},"180":{"start":{"line":181,"column":0},"end":{"line":181,"column":82}},"181":{"start":{"line":182,"column":0},"end":{"line":182,"column":8}},"182":{"start":{"line":183,"column":0},"end":{"line":183,"column":7}},"183":{"start":{"line":184,"column":0},"end":{"line":184,"column":3}},"184":{"start":{"line":185,"column":0},"end":{"line":185,"column":0}},"185":{"start":{"line":186,"column":0},"end":{"line":186,"column":5}},"186":{"start":{"line":187,"column":0},"end":{"line":187,"column":94}},"187":{"start":{"line":188,"column":0},"end":{"line":188,"column":72}},"188":{"start":{"line":189,"column":0},"end":{"line":189,"column":66}},"189":{"start":{"line":190,"column":0},"end":{"line":190,"column":80}},"190":{"start":{"line":191,"column":0},"end":{"line":191,"column":5}},"191":{"start":{"line":192,"column":0},"end":{"line":192,"column":46}},"192":{"start":{"line":193,"column":0},"end":{"line":193,"column":48}},"193":{"start":{"line":194,"column":0},"end":{"line":194,"column":95}},"194":{"start":{"line":195,"column":0},"end":{"line":195,"column":38}},"195":{"start":{"line":196,"column":0},"end":{"line":196,"column":5}},"196":{"start":{"line":197,"column":0},"end":{"line":197,"column":78}},"197":{"start":{"line":198,"column":0},"end":{"line":198,"column":20}},"198":{"start":{"line":199,"column":0},"end":{"line":199,"column":3}},"199":{"start":{"line":200,"column":0},"end":{"line":200,"column":0}},"200":{"start":{"line":201,"column":0},"end":{"line":201,"column":5}},"201":{"start":{"line":202,"column":0},"end":{"line":202,"column":70}},"202":{"start":{"line":203,"column":0},"end":{"line":203,"column":58}},"203":{"start":{"line":204,"column":0},"end":{"line":204,"column":71}},"204":{"start":{"line":205,"column":0},"end":{"line":205,"column":13}},"205":{"start":{"line":206,"column":0},"end":{"line":206,"column":5}},"206":{"start":{"line":207,"column":0},"end":{"line":207,"column":41}},"207":{"start":{"line":208,"column":0},"end":{"line":208,"column":34}},"208":{"start":{"line":209,"column":0},"end":{"line":209,"column":12}},"209":{"start":{"line":210,"column":0},"end":{"line":210,"column":65}},"210":{"start":{"line":211,"column":0},"end":{"line":211,"column":99}},"211":{"start":{"line":212,"column":0},"end":{"line":212,"column":85}},"212":{"start":{"line":213,"column":0},"end":{"line":213,"column":56}},"213":{"start":{"line":214,"column":0},"end":{"line":214,"column":20}},"214":{"start":{"line":215,"column":0},"end":{"line":215,"column":78}},"215":{"start":{"line":216,"column":0},"end":{"line":216,"column":84}},"216":{"start":{"line":217,"column":0},"end":{"line":217,"column":24}},"217":{"start":{"line":218,"column":0},"end":{"line":218,"column":8}},"218":{"start":{"line":219,"column":0},"end":{"line":219,"column":4}},"219":{"start":{"line":220,"column":0},"end":{"line":220,"column":0}},"220":{"start":{"line":221,"column":0},"end":{"line":221,"column":5}},"221":{"start":{"line":222,"column":0},"end":{"line":222,"column":69}},"222":{"start":{"line":223,"column":0},"end":{"line":223,"column":71}},"223":{"start":{"line":224,"column":0},"end":{"line":224,"column":90}},"224":{"start":{"line":225,"column":0},"end":{"line":225,"column":68}},"225":{"start":{"line":226,"column":0},"end":{"line":226,"column":69}},"226":{"start":{"line":227,"column":0},"end":{"line":227,"column":5}},"227":{"start":{"line":228,"column":0},"end":{"line":228,"column":113}},"228":{"start":{"line":229,"column":0},"end":{"line":229,"column":34}},"229":{"start":{"line":230,"column":0},"end":{"line":230,"column":44}},"230":{"start":{"line":231,"column":0},"end":{"line":231,"column":3}},"231":{"start":{"line":232,"column":0},"end":{"line":232,"column":0}},"232":{"start":{"line":233,"column":0},"end":{"line":233,"column":5}},"233":{"start":{"line":234,"column":0},"end":{"line":234,"column":43}},"234":{"start":{"line":235,"column":0},"end":{"line":235,"column":5}},"235":{"start":{"line":236,"column":0},"end":{"line":236,"column":24}},"236":{"start":{"line":237,"column":0},"end":{"line":237,"column":18}},"237":{"start":{"line":238,"column":0},"end":{"line":238,"column":22}},"238":{"start":{"line":239,"column":0},"end":{"line":239,"column":21}},"239":{"start":{"line":240,"column":0},"end":{"line":240,"column":66}},"240":{"start":{"line":241,"column":0},"end":{"line":241,"column":50}},"241":{"start":{"line":242,"column":0},"end":{"line":242,"column":67}},"242":{"start":{"line":243,"column":0},"end":{"line":243,"column":52}},"243":{"start":{"line":244,"column":0},"end":{"line":244,"column":80}},"244":{"start":{"line":245,"column":0},"end":{"line":245,"column":88}},"245":{"start":{"line":246,"column":0},"end":{"line":246,"column":103}},"246":{"start":{"line":247,"column":0},"end":{"line":247,"column":8}},"247":{"start":{"line":248,"column":0},"end":{"line":248,"column":5}},"248":{"start":{"line":249,"column":0},"end":{"line":249,"column":3}},"249":{"start":{"line":250,"column":0},"end":{"line":250,"column":1}},"250":{"start":{"line":251,"column":0},"end":{"line":251,"column":0}},"251":{"start":{"line":252,"column":0},"end":{"line":252,"column":65}},"252":{"start":{"line":253,"column":0},"end":{"line":253,"column":81}},"253":{"start":{"line":254,"column":0},"end":{"line":254,"column":16}},"254":{"start":{"line":255,"column":0},"end":{"line":255,"column":22}},"255":{"start":{"line":256,"column":0},"end":{"line":256,"column":32}},"256":{"start":{"line":257,"column":0},"end":{"line":257,"column":5}},"257":{"start":{"line":258,"column":0},"end":{"line":258,"column":1}}},"s":{"0":1,"1":1,"2":1,"3":1,"4":1,"5":1,"6":1,"7":1,"8":1,"9":1,"10":1,"11":1,"12":1,"13":1,"14":1,"15":1,"16":1,"17":1,"18":1,"19":1,"20":1,"21":1,"22":1,"23":1,"24":1,"25":1,"26":1,"27":1,"28":1,"29":1,"30":1,"31":1,"32":1,"33":1,"34":1,"35":1,"36":1,"37":1,"38":1,"39":1,"40":1,"41":1,"42":1,"43":1,"44":1,"45":14,"46":14,"47":14,"48":0,"49":0,"50":14,"51":14,"52":14,"53":14,"54":1,"55":1,"56":1,"57":1,"58":1,"59":1,"60":1,"61":1,"62":14,"63":14,"64":0,"65":0,"66":0,"67":14,"68":14,"69":14,"70":14,"71":14,"72":0,"73":0,"74":0,"75":14,"76":14,"77":14,"78":14,"79":14,"80":14,"81":14,"82":14,"83":0,"84":0,"85":0,"86":0,"87":14,"88":14,"89":14,"90":0,"91":0,"92":0,"93":14,"94":14,"95":14,"96":14,"97":14,"98":14,"99":14,"100":14,"101":14,"102":14,"103":14,"104":0,"105":0,"106":0,"107":0,"108":14,"109":14,"110":0,"111":0,"112":14,"113":14,"114":14,"115":14,"116":14,"117":14,"118":14,"119":14,"120":14,"121":1,"122":0,"123":0,"124":0,"125":14,"126":14,"127":14,"128":14,"129":15,"130":15,"131":14,"132":14,"133":14,"134":14,"135":14,"136":14,"137":15,"138":1,"139":1,"140":1,"141":15,"142":15,"143":15,"144":14,"145":14,"146":14,"147":14,"148":14,"149":3,"150":0,"151":0,"152":0,"153":14,"154":14,"155":14,"156":14,"157":43,"158":40,"159":40,"160":40,"161":43,"162":43,"163":14,"164":14,"165":14,"166":14,"167":14,"168":0,"169":0,"170":0,"171":0,"172":0,"173":0,"174":14,"175":14,"176":14,"177":14,"178":0,"179":0,"180":0,"181":14,"182":14,"183":14,"184":1,"185":1,"186":1,"187":1,"188":1,"189":1,"190":1,"191":1,"192":54,"193":14,"194":14,"195":14,"196":54,"197":54,"198":54,"199":1,"200":1,"201":1,"202":1,"203":1,"204":1,"205":1,"206":1,"207":40,"208":40,"209":40,"210":40,"211":40,"212":40,"213":40,"214":0,"215":0,"216":0,"217":0,"218":40,"219":1,"220":1,"221":1,"222":1,"223":1,"224":1,"225":1,"226":1,"227":1,"228":54,"229":54,"230":54,"231":1,"232":1,"233":1,"234":1,"235":1,"236":15,"237":14,"238":14,"239":14,"240":14,"241":14,"242":0,"243":0,"244":0,"245":0,"246":0,"247":14,"248":15,"249":1,"250":1,"251":1,"252":1,"253":1,"254":1,"255":1,"256":1,"257":1},"branchMap":{"0":{"type":"branch","line":45,"loc":{"start":{"line":45,"column":2},"end":{"line":54,"column":3}},"locations":[{"start":{"line":45,"column":2},"end":{"line":54,"column":3}}]},"1":{"type":"branch","line":47,"loc":{"start":{"line":47,"column":46},"end":{"line":47,"column":64}},"locations":[{"start":{"line":47,"column":46},"end":{"line":47,"column":64}}]},"2":{"type":"branch","line":48,"loc":{"start":{"line":48,"column":14},"end":{"line":50,"column":5}},"locations":[{"start":{"line":48,"column":14},"end":{"line":50,"column":5}}]},"3":{"type":"branch","line":62,"loc":{"start":{"line":62,"column":10},"end":{"line":184,"column":3}},"locations":[{"start":{"line":62,"column":10},"end":{"line":184,"column":3}}]},"4":{"type":"branch","line":63,"loc":{"start":{"line":63,"column":23},"end":{"line":183,"column":5}},"locations":[{"start":{"line":63,"column":23},"end":{"line":183,"column":5}}]},"5":{"type":"branch","line":64,"loc":{"start":{"line":64,"column":19},"end":{"line":67,"column":7}},"locations":[{"start":{"line":64,"column":19},"end":{"line":67,"column":7}}]},"6":{"type":"branch","line":78,"loc":{"start":{"line":78,"column":26},"end":{"line":97,"column":7}},"locations":[{"start":{"line":78,"column":26},"end":{"line":97,"column":7}}]},"7":{"type":"branch","line":83,"loc":{"start":{"line":83,"column":41},"end":{"line":83,"column":66}},"locations":[{"start":{"line":83,"column":41},"end":{"line":83,"column":66}}]},"8":{"type":"branch","line":83,"loc":{"start":{"line":83,"column":68},"end":{"line":87,"column":9}},"locations":[{"start":{"line":83,"column":68},"end":{"line":87,"column":9}}]},"9":{"type":"branch","line":99,"loc":{"start":{"line":99,"column":32},"end":{"line":176,"column":7}},"locations":[{"start":{"line":99,"column":32},"end":{"line":176,"column":7}}]},"10":{"type":"branch","line":104,"loc":{"start":{"line":104,"column":26},"end":{"line":108,"column":9}},"locations":[{"start":{"line":104,"column":26},"end":{"line":108,"column":9}}]},"11":{"type":"branch","line":168,"loc":{"start":{"line":168,"column":10},"end":{"line":174,"column":9}},"locations":[{"start":{"line":168,"column":10},"end":{"line":174,"column":9}}]},"12":{"type":"branch","line":118,"loc":{"start":{"line":118,"column":54},"end":{"line":118,"column":65}},"locations":[{"start":{"line":118,"column":54},"end":{"line":118,"column":65}}]},"13":{"type":"branch","line":121,"loc":{"start":{"line":121,"column":39},"end":{"line":126,"column":13}},"locations":[{"start":{"line":121,"column":39},"end":{"line":126,"column":13}}]},"14":{"type":"branch","line":122,"loc":{"start":{"line":122,"column":58},"end":{"line":125,"column":15}},"locations":[{"start":{"line":122,"column":58},"end":{"line":125,"column":15}}]},"15":{"type":"branch","line":129,"loc":{"start":{"line":129,"column":32},"end":{"line":166,"column":13}},"locations":[{"start":{"line":129,"column":32},"end":{"line":166,"column":13}}]},"16":{"type":"branch","line":131,"loc":{"start":{"line":131,"column":66},"end":{"line":138,"column":15}},"locations":[{"start":{"line":131,"column":66},"end":{"line":138,"column":15}}]},"17":{"type":"branch","line":138,"loc":{"start":{"line":138,"column":15},"end":{"line":141,"column":15}},"locations":[{"start":{"line":138,"column":15},"end":{"line":141,"column":15}}]},"18":{"type":"branch","line":144,"loc":{"start":{"line":144,"column":39},"end":{"line":165,"column":15}},"locations":[{"start":{"line":144,"column":39},"end":{"line":165,"column":15}}]},"19":{"type":"branch","line":146,"loc":{"start":{"line":146,"column":66},"end":{"line":146,"column":81}},"locations":[{"start":{"line":146,"column":66},"end":{"line":146,"column":81}}]},"20":{"type":"branch","line":149,"loc":{"start":{"line":149,"column":43},"end":{"line":154,"column":17}},"locations":[{"start":{"line":149,"column":43},"end":{"line":154,"column":17}}]},"21":{"type":"branch","line":150,"loc":{"start":{"line":150,"column":62},"end":{"line":153,"column":19}},"locations":[{"start":{"line":150,"column":62},"end":{"line":153,"column":19}}]},"22":{"type":"branch","line":157,"loc":{"start":{"line":157,"column":44},"end":{"line":164,"column":17}},"locations":[{"start":{"line":157,"column":44},"end":{"line":164,"column":17}}]},"23":{"type":"branch","line":158,"loc":{"start":{"line":158,"column":70},"end":{"line":161,"column":19}},"locations":[{"start":{"line":158,"column":70},"end":{"line":161,"column":19}}]},"24":{"type":"branch","line":192,"loc":{"start":{"line":192,"column":9},"end":{"line":199,"column":3}},"locations":[{"start":{"line":192,"column":9},"end":{"line":199,"column":3}}]},"25":{"type":"branch","line":193,"loc":{"start":{"line":193,"column":16},"end":{"line":193,"column":45}},"locations":[{"start":{"line":193,"column":16},"end":{"line":193,"column":45}}]},"26":{"type":"branch","line":193,"loc":{"start":{"line":193,"column":47},"end":{"line":196,"column":5}},"locations":[{"start":{"line":193,"column":47},"end":{"line":196,"column":5}}]},"27":{"type":"branch","line":207,"loc":{"start":{"line":207,"column":11},"end":{"line":219,"column":4}},"locations":[{"start":{"line":207,"column":11},"end":{"line":219,"column":4}}]},"28":{"type":"branch","line":208,"loc":{"start":{"line":208,"column":21},"end":{"line":208,"column":34}},"locations":[{"start":{"line":208,"column":21},"end":{"line":208,"column":34}}]},"29":{"type":"branch","line":214,"loc":{"start":{"line":214,"column":9},"end":{"line":218,"column":8}},"locations":[{"start":{"line":214,"column":9},"end":{"line":218,"column":8}}]},"30":{"type":"branch","line":228,"loc":{"start":{"line":228,"column":9},"end":{"line":231,"column":3}},"locations":[{"start":{"line":228,"column":9},"end":{"line":231,"column":3}}]},"31":{"type":"branch","line":236,"loc":{"start":{"line":236,"column":9},"end":{"line":249,"column":3}},"locations":[{"start":{"line":236,"column":9},"end":{"line":249,"column":3}}]},"32":{"type":"branch","line":237,"loc":{"start":{"line":237,"column":17},"end":{"line":248,"column":5}},"locations":[{"start":{"line":237,"column":17},"end":{"line":248,"column":5}}]},"33":{"type":"branch","line":242,"loc":{"start":{"line":242,"column":40},"end":{"line":242,"column":64}},"locations":[{"start":{"line":242,"column":40},"end":{"line":242,"column":64}}]},"34":{"type":"branch","line":242,"loc":{"start":{"line":242,"column":66},"end":{"line":247,"column":8}},"locations":[{"start":{"line":242,"column":66},"end":{"line":247,"column":8}}]}},"b":{"0":[14],"1":[0],"2":[0],"3":[14],"4":[14],"5":[0],"6":[14],"7":[0],"8":[0],"9":[14],"10":[0],"11":[0],"12":[15],"13":[1],"14":[0],"15":[15],"16":[14],"17":[1],"18":[14],"19":[43],"20":[3],"21":[0],"22":[43],"23":[40],"24":[54],"25":[40],"26":[14],"27":[40],"28":[0],"29":[0],"30":[54],"31":[15],"32":[14],"33":[0],"34":[0]},"fnMap":{"0":{"name":"IndexedDBManager","decl":{"start":{"line":45,"column":2},"end":{"line":54,"column":3}},"loc":{"start":{"line":45,"column":2},"end":{"line":54,"column":3}},"line":45},"1":{"name":"openDB","decl":{"start":{"line":62,"column":10},"end":{"line":184,"column":3}},"loc":{"start":{"line":62,"column":10},"end":{"line":184,"column":3}},"line":62},"2":{"name":"request.onerror","decl":{"start":{"line":72,"column":24},"end":{"line":76,"column":7}},"loc":{"start":{"line":72,"column":24},"end":{"line":76,"column":7}},"line":72},"3":{"name":"request.onsuccess","decl":{"start":{"line":78,"column":26},"end":{"line":97,"column":7}},"loc":{"start":{"line":78,"column":26},"end":{"line":97,"column":7}},"line":78},"4":{"name":"db.onversionchange","decl":{"start":{"line":90,"column":34},"end":{"line":94,"column":9}},"loc":{"start":{"line":90,"column":34},"end":{"line":94,"column":9}},"line":90},"5":{"name":"request.onupgradeneeded","decl":{"start":{"line":99,"column":32},"end":{"line":176,"column":7}},"loc":{"start":{"line":99,"column":32},"end":{"line":176,"column":7}},"line":99},"6":{"name":"transaction.onerror","decl":{"start":{"line":110,"column":30},"end":{"line":113,"column":9}},"loc":{"start":{"line":110,"column":30},"end":{"line":113,"column":9}},"line":110},"7":{"name":"request.onblocked","decl":{"start":{"line":178,"column":26},"end":{"line":182,"column":7}},"loc":{"start":{"line":178,"column":26},"end":{"line":182,"column":7}},"line":178},"8":{"name":"getDB","decl":{"start":{"line":192,"column":9},"end":{"line":199,"column":3}},"loc":{"start":{"line":192,"column":9},"end":{"line":199,"column":3}},"line":192},"9":{"name":"isConnectionAlive","decl":{"start":{"line":207,"column":11},"end":{"line":219,"column":4}},"loc":{"start":{"line":207,"column":11},"end":{"line":219,"column":4}},"line":207},"10":{"name":"getTransaction","decl":{"start":{"line":228,"column":9},"end":{"line":231,"column":3}},"loc":{"start":{"line":228,"column":9},"end":{"line":231,"column":3}},"line":228},"11":{"name":"close","decl":{"start":{"line":236,"column":9},"end":{"line":249,"column":3}},"loc":{"start":{"line":236,"column":9},"end":{"line":249,"column":3}},"line":236}},"f":{"0":14,"1":14,"2":0,"3":14,"4":0,"5":14,"6":0,"7":0,"8":54,"9":40,"10":54,"11":15}}
}
