TN:
SF:src/core.ts
FN:9,promisifyRequest
FN:11,request.onsuccess
FN:13,request.onerror
FN:24,promisifyTransaction
FN:26,transaction.oncomplete
FN:27,transaction.onerror
FN:28,transaction.onabort
FN:96,FastIndexedDB
FN:113,add
FN:144,put
FN:169,get
FN:193,getAll
FN:213,delete
FN:238,clear
FN:260,close
FN:276,findByIndex
FN:305,findByIndexRange
FN:324,cursorRequest.onerror
FN:329,cursorRequest.onsuccess
FN:370,countByIndex
FNF:20
FNH:19
FNDA:51,promisifyRequest
FNDA:50,request.onsuccess
FNDA:1,request.onerror
FNDA:36,promisifyTransaction
FNDA:35,transaction.oncomplete
FNDA:1,transaction.onerror
FNDA:1,transaction.onabort
FNDA:14,FastIndexedDB
FNDA:12,add
FNDA:22,put
FNDA:7,get
FNDA:3,getAll
FNDA:1,delete
FNDA:1,clear
FNDA:15,close
FNDA:3,findByIndex
FNDA:3,findByIndexRange
FNDA:0,cursorRequest.onerror
FNDA:13,cursorRequest.onsuccess
FNDA:2,countByIndex
DA:1,1
DA:2,1
DA:3,1
DA:4,1
DA:5,1
DA:6,1
DA:7,1
DA:8,1
DA:9,51
DA:10,51
DA:11,51
DA:12,51
DA:13,51
DA:14,51
DA:15,51
DA:16,1
DA:17,1
DA:18,1
DA:19,1
DA:20,1
DA:21,1
DA:22,1
DA:23,1
DA:24,36
DA:25,36
DA:26,36
DA:27,36
DA:28,36
DA:29,36
DA:30,36
DA:31,1
DA:32,1
DA:33,1
DA:34,1
DA:35,1
DA:36,1
DA:37,1
DA:38,1
DA:39,1
DA:40,1
DA:41,1
DA:42,1
DA:43,1
DA:44,1
DA:45,1
DA:46,1
DA:47,1
DA:48,1
DA:49,1
DA:50,1
DA:51,1
DA:52,1
DA:53,1
DA:54,1
DA:55,1
DA:56,1
DA:57,1
DA:58,1
DA:59,1
DA:60,1
DA:61,1
DA:62,1
DA:63,1
DA:64,1
DA:65,1
DA:66,1
DA:67,1
DA:68,1
DA:69,1
DA:70,1
DA:71,1
DA:72,1
DA:73,1
DA:74,1
DA:75,1
DA:76,1
DA:77,1
DA:78,1
DA:79,1
DA:80,1
DA:81,1
DA:82,1
DA:83,1
DA:84,1
DA:85,1
DA:86,1
DA:87,1
DA:88,1
DA:89,1
DA:90,1
DA:91,1
DA:92,1
DA:93,1
DA:94,1
DA:95,1
DA:96,1
DA:97,14
DA:98,14
DA:99,1
DA:100,1
DA:101,1
DA:102,1
DA:103,1
DA:104,1
DA:105,1
DA:106,1
DA:107,1
DA:108,1
DA:109,1
DA:110,1
DA:111,1
DA:112,1
DA:113,1
DA:114,12
DA:115,12
DA:116,12
DA:117,12
DA:118,12
DA:119,12
DA:120,12
DA:121,12
DA:122,12
DA:123,12
DA:124,11
DA:125,12
DA:126,1
DA:127,1
DA:128,1
DA:129,12
DA:130,1
DA:131,1
DA:132,1
DA:133,1
DA:134,1
DA:135,1
DA:136,1
DA:137,1
DA:138,1
DA:139,1
DA:140,1
DA:141,1
DA:142,1
DA:143,1
DA:144,1
DA:145,22
DA:146,22
DA:147,22
DA:148,22
DA:149,22
DA:150,22
DA:151,22
DA:152,22
DA:153,22
DA:154,22
DA:155,0
DA:156,0
DA:157,0
DA:158,22
DA:159,1
DA:160,1
DA:161,1
DA:162,1
DA:163,1
DA:164,1
DA:165,1
DA:166,1
DA:167,1
DA:168,1
DA:169,1
DA:170,7
DA:171,7
DA:172,7
DA:173,7
DA:174,7
DA:175,7
DA:176,7
DA:177,0
DA:178,0
DA:179,0
DA:180,7
DA:181,1
DA:182,1
DA:183,1
DA:184,1
DA:185,1
DA:186,1
DA:187,1
DA:188,1
DA:189,1
DA:190,1
DA:191,1
DA:192,1
DA:193,1
DA:194,3
DA:195,3
DA:196,3
DA:197,3
DA:198,3
DA:199,3
DA:200,0
DA:201,0
DA:202,0
DA:203,3
DA:204,1
DA:205,1
DA:206,1
DA:207,1
DA:208,1
DA:209,1
DA:210,1
DA:211,1
DA:212,1
DA:213,1
DA:214,1
DA:215,1
DA:216,1
DA:217,1
DA:218,1
DA:219,1
DA:220,1
DA:221,1
DA:222,1
DA:223,1
DA:224,0
DA:225,0
DA:226,0
DA:227,1
DA:228,1
DA:229,1
DA:230,1
DA:231,1
DA:232,1
DA:233,1
DA:234,1
DA:235,1
DA:236,1
DA:237,1
DA:238,1
DA:239,1
DA:240,1
DA:241,1
DA:242,1
DA:243,1
DA:244,1
DA:245,1
DA:246,1
DA:247,1
DA:248,0
DA:249,0
DA:250,0
DA:251,1
DA:252,1
DA:253,1
DA:254,1
DA:255,1
DA:256,1
DA:257,1
DA:258,1
DA:259,1
DA:260,1
DA:261,15
DA:262,15
DA:263,1
DA:264,1
DA:265,1
DA:266,1
DA:267,1
DA:268,1
DA:269,1
DA:270,1
DA:271,1
DA:272,1
DA:273,1
DA:274,1
DA:275,1
DA:276,1
DA:277,3
DA:278,3
DA:279,3
DA:280,3
DA:281,3
DA:282,3
DA:283,3
DA:284,0
DA:285,0
DA:286,0
DA:287,3
DA:288,1
DA:289,1
DA:290,1
DA:291,1
DA:292,1
DA:293,1
DA:294,1
DA:295,1
DA:296,1
DA:297,1
DA:298,1
DA:299,1
DA:300,1
DA:301,1
DA:302,1
DA:303,1
DA:304,1
DA:305,1
DA:306,3
DA:307,3
DA:308,3
DA:309,3
DA:310,3
DA:311,3
DA:312,3
DA:313,3
DA:314,3
DA:315,3
DA:316,3
DA:317,3
DA:318,3
DA:319,3
DA:320,3
DA:321,3
DA:322,3
DA:323,3
DA:324,3
DA:325,0
DA:326,0
DA:327,3
DA:328,3
DA:329,3
DA:330,13
DA:331,13
DA:332,13
DA:333,11
DA:334,1
DA:335,1
DA:336,11
DA:337,9
DA:338,9
DA:339,9
DA:340,9
DA:341,10
DA:342,1
DA:343,1
DA:344,1
DA:345,13
DA:346,2
DA:347,2
DA:348,2
DA:349,13
DA:350,0
DA:351,0
DA:352,0
DA:353,3
DA:354,3
DA:355,3
DA:356,0
DA:357,0
DA:358,0
DA:359,3
DA:360,1
DA:361,1
DA:362,1
DA:363,1
DA:364,1
DA:365,1
DA:366,1
DA:367,1
DA:368,1
DA:369,1
DA:370,1
DA:371,2
DA:372,2
DA:373,2
DA:374,2
DA:375,2
DA:376,2
DA:377,2
DA:378,0
DA:379,0
DA:380,0
DA:381,2
DA:382,1
DA:383,1
LF:383
LH:354
BRDA:9,0,0,51
BRDA:10,1,0,51
BRDA:11,2,0,50
BRDA:13,3,0,1
BRDA:24,4,0,36
BRDA:25,5,0,36
BRDA:26,6,0,35
BRDA:27,7,0,1
BRDA:28,8,0,1
BRDA:28,9,0,0
BRDA:96,10,0,14
BRDA:113,11,0,12
BRDA:124,12,0,11
BRDA:125,13,0,1
BRDA:144,14,0,22
BRDA:154,15,0,0
BRDA:169,16,0,7
BRDA:176,17,0,0
BRDA:193,18,0,3
BRDA:199,19,0,0
BRDA:213,20,0,1
BRDA:223,21,0,0
BRDA:219,22,0,1
BRDA:238,23,0,1
BRDA:247,24,0,0
BRDA:243,25,0,1
BRDA:260,26,0,15
BRDA:276,27,0,3
BRDA:283,28,0,0
BRDA:305,29,0,3
BRDA:311,30,0,0
BRDA:355,31,0,0
BRDA:321,32,0,3
BRDA:329,33,0,13
BRDA:332,34,0,11
BRDA:333,35,0,1
BRDA:336,36,0,10
BRDA:336,37,0,9
BRDA:341,38,0,1
BRDA:345,39,0,2
BRDA:349,40,0,0
BRDA:370,41,0,2
BRDA:377,42,0,0
BRF:43
BRH:32
end_of_record
TN:
SF:src/db.ts
FN:45,IndexedDBManager
FN:62,openDB
FN:72,request.onerror
FN:78,request.onsuccess
FN:90,db.onversionchange
FN:99,request.onupgradeneeded
FN:110,transaction.onerror
FN:178,request.onblocked
FN:192,getDB
FN:207,isConnectionAlive
FN:228,getTransaction
FN:236,close
FNF:12
FNH:8
FNDA:14,IndexedDBManager
FNDA:14,openDB
FNDA:0,request.onerror
FNDA:14,request.onsuccess
FNDA:0,db.onversionchange
FNDA:14,request.onupgradeneeded
FNDA:0,transaction.onerror
FNDA:0,request.onblocked
FNDA:54,getDB
FNDA:40,isConnectionAlive
FNDA:54,getTransaction
FNDA:15,close
DA:1,1
DA:2,1
DA:3,1
DA:4,1
DA:5,1
DA:6,1
DA:7,1
DA:8,1
DA:9,1
DA:10,1
DA:11,1
DA:12,1
DA:13,1
DA:14,1
DA:15,1
DA:16,1
DA:17,1
DA:18,1
DA:19,1
DA:20,1
DA:21,1
DA:22,1
DA:23,1
DA:24,1
DA:25,1
DA:26,1
DA:27,1
DA:28,1
DA:29,1
DA:30,1
DA:31,1
DA:32,1
DA:33,1
DA:34,1
DA:35,1
DA:36,1
DA:37,1
DA:38,1
DA:39,1
DA:40,1
DA:41,1
DA:42,1
DA:43,1
DA:44,1
DA:45,1
DA:46,14
DA:47,14
DA:48,14
DA:49,0
DA:50,0
DA:51,14
DA:52,14
DA:53,14
DA:54,14
DA:55,1
DA:56,1
DA:57,1
DA:58,1
DA:59,1
DA:60,1
DA:61,1
DA:62,1
DA:63,14
DA:64,14
DA:65,0
DA:66,0
DA:67,0
DA:68,14
DA:69,14
DA:70,14
DA:71,14
DA:72,14
DA:73,0
DA:74,0
DA:75,0
DA:76,14
DA:77,14
DA:78,14
DA:79,14
DA:80,14
DA:81,14
DA:82,14
DA:83,14
DA:84,0
DA:85,0
DA:86,0
DA:87,0
DA:88,14
DA:89,14
DA:90,14
DA:91,0
DA:92,0
DA:93,0
DA:94,14
DA:95,14
DA:96,14
DA:97,14
DA:98,14
DA:99,14
DA:100,14
DA:101,14
DA:102,14
DA:103,14
DA:104,14
DA:105,0
DA:106,0
DA:107,0
DA:108,0
DA:109,14
DA:110,14
DA:111,0
DA:112,0
DA:113,14
DA:114,14
DA:115,14
DA:116,14
DA:117,14
DA:118,14
DA:119,14
DA:120,14
DA:121,14
DA:122,1
DA:123,0
DA:124,0
DA:125,0
DA:126,14
DA:127,14
DA:128,14
DA:129,14
DA:130,15
DA:131,15
DA:132,14
DA:133,14
DA:134,14
DA:135,14
DA:136,14
DA:137,14
DA:138,15
DA:139,1
DA:140,1
DA:141,1
DA:142,15
DA:143,15
DA:144,15
DA:145,14
DA:146,14
DA:147,14
DA:148,14
DA:149,14
DA:150,3
DA:151,0
DA:152,0
DA:153,0
DA:154,14
DA:155,14
DA:156,14
DA:157,14
DA:158,43
DA:159,40
DA:160,40
DA:161,40
DA:162,43
DA:163,43
DA:164,14
DA:165,14
DA:166,14
DA:167,14
DA:168,14
DA:169,0
DA:170,0
DA:171,0
DA:172,0
DA:173,0
DA:174,0
DA:175,14
DA:176,14
DA:177,14
DA:178,14
DA:179,0
DA:180,0
DA:181,0
DA:182,14
DA:183,14
DA:184,14
DA:185,1
DA:186,1
DA:187,1
DA:188,1
DA:189,1
DA:190,1
DA:191,1
DA:192,1
DA:193,54
DA:194,14
DA:195,14
DA:196,14
DA:197,54
DA:198,54
DA:199,54
DA:200,1
DA:201,1
DA:202,1
DA:203,1
DA:204,1
DA:205,1
DA:206,1
DA:207,1
DA:208,40
DA:209,40
DA:210,40
DA:211,40
DA:212,40
DA:213,40
DA:214,40
DA:215,0
DA:216,0
DA:217,0
DA:218,0
DA:219,40
DA:220,1
DA:221,1
DA:222,1
DA:223,1
DA:224,1
DA:225,1
DA:226,1
DA:227,1
DA:228,1
DA:229,54
DA:230,54
DA:231,54
DA:232,1
DA:233,1
DA:234,1
DA:235,1
DA:236,1
DA:237,15
DA:238,14
DA:239,14
DA:240,14
DA:241,14
DA:242,14
DA:243,0
DA:244,0
DA:245,0
DA:246,0
DA:247,0
DA:248,14
DA:249,15
DA:250,1
DA:251,1
DA:252,1
DA:253,1
DA:254,1
DA:255,1
DA:256,1
DA:257,1
DA:258,1
LF:258
LH:213
BRDA:45,0,0,14
BRDA:47,1,0,0
BRDA:48,2,0,0
BRDA:62,3,0,14
BRDA:63,4,0,14
BRDA:64,5,0,0
BRDA:78,6,0,14
BRDA:83,7,0,0
BRDA:83,8,0,0
BRDA:99,9,0,14
BRDA:104,10,0,0
BRDA:168,11,0,0
BRDA:118,12,0,15
BRDA:121,13,0,1
BRDA:122,14,0,0
BRDA:129,15,0,15
BRDA:131,16,0,14
BRDA:138,17,0,1
BRDA:144,18,0,14
BRDA:146,19,0,43
BRDA:149,20,0,3
BRDA:150,21,0,0
BRDA:157,22,0,43
BRDA:158,23,0,40
BRDA:192,24,0,54
BRDA:193,25,0,40
BRDA:193,26,0,14
BRDA:207,27,0,40
BRDA:208,28,0,0
BRDA:214,29,0,0
BRDA:228,30,0,54
BRDA:236,31,0,15
BRDA:237,32,0,14
BRDA:242,33,0,0
BRDA:242,34,0,0
BRF:35
BRH:22
end_of_record
